#
# A fatal error has been detected by the Java Runtime Environment:
#
#  EXCEPTION_ACCESS_VIOLATION (0xc0000005) at pc=0x6f0b62b6, pid=5352, tid=16164
#
# JRE version: Java(TM) SE Runtime Environment (7.0_80-b15) (build 1.7.0_80-b15)
# Java VM: Java HotSpot(TM) Client VM (24.80-b11 mixed mode, sharing windows-x86 )
# Problematic frame:
# C  [d3d9.dll+0x462b6]
#
# Failed to write core dump. Minidumps are not enabled by default on client versions of Windows
#
# If you would like to submit a bug report, please visit:
#   http://bugreport.java.com/bugreport/crash.jsp
# The crash happened outside the Java Virtual Machine in native code.
# See problematic frame for where to report the bug.
#

---------------  T H R E A D  ---------------

Current thread (0x04a0bc00):  JavaThread "AWT-Windows" daemon [_thread_in_native, id=16164, stack(0x04e40000,0x04e90000)]

siginfo: ExceptionCode=0xc0000005, reading address 0x00000000

Registers:
EAX=0x04e8f35c, EBX=0x0abe8460, ECX=0x0abe8460, EDX=0x00000000
ESP=0x04e8f344, EBP=0x04e8f368, ESI=0x0a189108, EDI=0x00000000
EIP=0x6f0b62b6, EFLAGS=0x00010246

Top of Stack: (sp=0x04e8f344)
0x04e8f344:   cce9710f 00000001 0a189108 0abe8460
0x04e8f354:   cce9710f 04e8f344 04e8f3c4 6f0e7710
0x04e8f364:   00000000 04e8f384 6f0c7902 0a189108
0x04e8f374:   6f0c78b0 0b095d80 0a189108 0a75d800
0x04e8f384:   04e8f398 6f0d40b3 00000000 0b0c65e0
0x04e8f394:   cce971ff 04e8f3d0 6f0b640d cce971b7
0x04e8f3a4:   0b0930e0 00000000 00000001 00000040
0x04e8f3b4:   0b0930e0 00000000 cce971b7 04e8f3a0 

Instructions: (pc=0x6f0b62b6)
0x6f0b6296:   6a 04 6a 00 e9 ff f6 ff ff 6a 08 b8 10 77 0e 6f
0x6f0b62a6:   e8 0c fe 02 00 33 d2 89 55 fc 8b b9 98 2c 00 00
0x6f0b62b6:   8b 07 52 52 52 8b 70 34 8b ce ff 15 6c 96 1b 6f
0x6f0b62c6:   8b cf ff d6 83 4d fc ff e8 36 fd 02 00 c3 6a 14 


Register to memory mapping:

EAX=0x04e8f35c is pointing into the stack for thread: 0x04a0bc00
EBX=0x0abe8460 is an unknown value
ECX=0x0abe8460 is an unknown value
EDX=0x00000000 is an unknown value
ESP=0x04e8f344 is pointing into the stack for thread: 0x04a0bc00
EBP=0x04e8f368 is pointing into the stack for thread: 0x04a0bc00
ESI=0x0a189108 is an unknown value
EDI=0x00000000 is an unknown value


Stack: [0x04e40000,0x04e90000],  sp=0x04e8f344,  free space=316k
Native frames: (J=compiled Java code, j=interpreted, Vv=VM code, C=native code)
C  [d3d9.dll+0x462b6]
C  [d3d9.dll+0x57902]
C  [d3d9.dll+0x640b3]
C  [d3d9.dll+0x4640d]
C  [d3d9.dll+0x498ea]
C  [d3d9.dll+0x49989]
C  [d3d9.dll+0x49d1d]
C  [d3d9.dll+0x58e5b]

Java frames: (J=compiled Java code, j=interpreted, Vv=VM code)
j  sun.awt.windows.WToolkit.eventLoop()V+0
j  sun.awt.windows.WToolkit.run()V+61
j  java.lang.Thread.run()V+11
v  ~StubRoutines::call_stub

---------------  P R O C E S S  ---------------

Java Threads: ( => current thread )
  0x04a0c800 JavaThread "Thread-0" daemon [_thread_in_native, id=4708, stack(0x10e10000,0x10e60000)]
  0x04a0d000 JavaThread "AWT-EventQueue-0" [_thread_blocked, id=3984, stack(0x09d60000,0x09db0000)]
=>0x04a0bc00 JavaThread "AWT-Windows" daemon [_thread_in_native, id=16164, stack(0x04e40000,0x04e90000)]
  0x04a0b800 JavaThread "AWT-Shutdown" [_thread_blocked, id=16224, stack(0x04db0000,0x04e00000)]
  0x04a0c400 JavaThread "Java2D Disposer" daemon [_thread_blocked, id=10668, stack(0x04d20000,0x04d70000)]
  0x009f8800 JavaThread "Service Thread" daemon [_thread_blocked, id=16116, stack(0x04910000,0x04960000)]
  0x009f6400 JavaThread "C1 CompilerThread0" daemon [_thread_blocked, id=7508, stack(0x04880000,0x048d0000)]
  0x009f4c00 JavaThread "Attach Listener" daemon [_thread_blocked, id=3828, stack(0x047f0000,0x04840000)]
  0x009f3400 JavaThread "Signal Dispatcher" daemon [_thread_blocked, id=10680, stack(0x04760000,0x047b0000)]
  0x00981400 JavaThread "Finalizer" daemon [_thread_blocked, id=16256, stack(0x046d0000,0x04720000)]
  0x0097fc00 JavaThread "Reference Handler" daemon [_thread_blocked, id=8260, stack(0x04640000,0x04690000)]
  0x0041c800 JavaThread "main" [_thread_blocked, id=4160, stack(0x02520000,0x02570000)]

Other Threads:
  0x0097e400 VMThread [stack: 0x045b0000,0x04600000] [id=3520]
  0x00a05800 WatcherThread [stack: 0x049a0000,0x049f0000] [id=6648]

VM state:not at safepoint (normal execution)

VM Mutex/Monitor currently owned by a thread: None

Heap
 def new generation   total 4928K, used 1217K [0x24800000, 0x24d50000, 0x29d50000)
  eden space 4416K,  27% used [0x24800000, 0x2492fde0, 0x24c50000)
  from space 512K,   0% used [0x24c50000, 0x24c50850, 0x24cd0000)
  to   space 512K,   0% used [0x24cd0000, 0x24cd0000, 0x24d50000)
 tenured generation   total 10944K, used 8366K [0x29d50000, 0x2a800000, 0x34800000)
   the space 10944K,  76% used [0x29d50000, 0x2a57b830, 0x2a57ba00, 0x2a800000)
 compacting perm gen  total 12288K, used 1661K [0x34800000, 0x35400000, 0x38800000)
   the space 12288K,  13% used [0x34800000, 0x3499f570, 0x3499f600, 0x35400000)
    ro space 10240K,  42% used [0x38800000, 0x38c37108, 0x38c37200, 0x39200000)
    rw space 12288K,  52% used [0x39200000, 0x39841738, 0x39841800, 0x39e00000)

Card table byte_map: [0x00a60000,0x00b10000] byte_map_base: 0x0093c000

Polling page: 0x003f0000

Code Cache  [0x02570000, 0x026f8000, 0x04570000)
 total_blobs=803 nmethods=579 adapters=161 free_code_cache=31231Kb largest_free_block=31979904

Compilation events (10 events):
Event: 62.759 Thread 0x009f6400  581             ch.idsia.benchmark.mario.engine.level.LevelGenerator::buildStraight (179 bytes)
Event: 62.760 Thread 0x009f6400 nmethod 581 0x026edbc8 code [0x026edd20, 0x026edfc8]
Event: 62.760 Thread 0x009f6400  582             ch.idsia.benchmark.mario.engine.level.LevelGenerator::buildCoins (105 bytes)
Event: 62.761 Thread 0x009f6400 nmethod 582 0x026ee2c8 code [0x026ee3e0, 0x026ee558]
Event: 62.761 Thread 0x009f6400  583             ch.idsia.benchmark.mario.engine.level.LevelGenerator::buildHill (405 bytes)
Event: 62.763 Thread 0x009f6400 nmethod 583 0x026ee6c8 code [0x026ee8c0, 0x026eeeb4]
Event: 62.763 Thread 0x009f6400  584             ch.idsia.benchmark.tasks.BasicTask::runOneEpisode (101 bytes)
Event: 62.764 Thread 0x009f6400 nmethod 584 0x026ef788 code [0x026ef970, 0x026efd80]
Event: 63.801 Thread 0x009f6400  585             java.awt.Component::contains (7 bytes)
Event: 63.801 Thread 0x009f6400 nmethod 585 0x026f0488 code [0x026f0580, 0x026f0640]

GC Heap History (10 events):
Event: 62.469 GC heap before
{Heap before GC invocations=133 (full 0):
 def new generation   total 4928K, used 4423K [0x24800000, 0x24d50000, 0x29d50000)
  eden space 4416K, 100% used [0x24800000, 0x24c50000, 0x24c50000)
  from space 512K,   1% used [0x24cd0000, 0x24cd1d18, 0x24d50000)
  to   space 512K,   0% used [0x24c50000, 0x24c50000, 0x24cd0000)
 tenured generation   total 10944K, used 7377K [0x29d50000, 0x2a800000, 0x34800000)
   the space 10944K,  67% used [0x29d50000, 0x2a484710, 0x2a484800, 0x2a800000)
 compacting perm gen  total 12288K, used 1653K [0x34800000, 0x35400000, 0x38800000)
   the space 12288K,  13% used [0x34800000, 0x3499d7e8, 0x3499d800, 0x35400000)
    ro space 10240K,  42% used [0x38800000, 0x38c37108, 0x38c37200, 0x39200000)
    rw space 12288K,  52% used [0x39200000, 0x39841738, 0x39841800, 0x39e00000)
Event: 62.470 GC heap after
Heap after GC invocations=134 (full 0):
 def new generation   total 4928K, used 7K [0x24800000, 0x24d50000, 0x29d50000)
  eden space 4416K,   0% used [0x24800000, 0x24800000, 0x24c50000)
  from space 512K,   1% used [0x24c50000, 0x24c51c78, 0x24cd0000)
  to   space 512K,   0% used [0x24cd0000, 0x24cd0000, 0x24d50000)
 tenured generation   total 10944K, used 7377K [0x29d50000, 0x2a800000, 0x34800000)
   the space 10944K,  67% used [0x29d50000, 0x2a484790, 0x2a484800, 0x2a800000)
 compacting perm gen  total 12288K, used 1653K [0x34800000, 0x35400000, 0x38800000)
   the space 12288K,  13% used [0x34800000, 0x3499d7e8, 0x3499d800, 0x35400000)
    ro space 10240K,  42% used [0x38800000, 0x38c37108, 0x38c37200, 0x39200000)
    rw space 12288K,  52% used [0x39200000, 0x39841738, 0x39841800, 0x39e00000)
}
Event: 62.801 GC heap before
{Heap before GC invocations=134 (full 0):
 def new generation   total 4928K, used 4423K [0x24800000, 0x24d50000, 0x29d50000)
  eden space 4416K, 100% used [0x24800000, 0x24c50000, 0x24c50000)
  from space 512K,   1% used [0x24c50000, 0x24c51c78, 0x24cd0000)
  to   space 512K,   0% used [0x24cd0000, 0x24cd0000, 0x24d50000)
 tenured generation   total 10944K, used 7377K [0x29d50000, 0x2a800000, 0x34800000)
   the space 10944K,  67% used [0x29d50000, 0x2a484790, 0x2a484800, 0x2a800000)
 compacting perm gen  total 12288K, used 1655K [0x34800000, 0x35400000, 0x38800000)
   the space 12288K,  13% used [0x34800000, 0x3499dcb0, 0x3499de00, 0x35400000)
    ro space 10240K,  42% used [0x38800000, 0x38c37108, 0x38c37200, 0x39200000)
    rw space 12288K,  52% used [0x39200000, 0x39841738, 0x39841800, 0x39e00000)
Event: 62.803 GC heap after
Heap after GC invocations=135 (full 0):
 def new generation   total 4928K, used 389K [0x24800000, 0x24d50000, 0x29d50000)
  eden space 4416K,   0% used [0x24800000, 0x24800000, 0x24c50000)
  from space 512K,  76% used [0x24cd0000, 0x24d31508, 0x24d50000)
  to   space 512K,   0% used [0x24c50000, 0x24c50000, 0x24cd0000)
 tenured generation   total 10944K, used 7977K [0x29d50000, 0x2a800000, 0x34800000)
   the space 10944K,  72% used [0x29d50000, 0x2a51a7b0, 0x2a51a800, 0x2a800000)
 compacting perm gen  total 12288K, used 1655K [0x34800000, 0x35400000, 0x38800000)
   the space 12288K,  13% used [0x34800000, 0x3499dcb0, 0x3499de00, 0x35400000)
    ro space 10240K,  42% used [0x38800000, 0x38c37108, 0x38c37200, 0x39200000)
    rw space 12288K,  52% used [0x39200000, 0x39841738, 0x39841800, 0x39e00000)
}
Event: 63.293 GC heap before
{Heap before GC invocations=135 (full 0):
 def new generation   total 4928K, used 4805K [0x24800000, 0x24d50000, 0x29d50000)
  eden space 4416K, 100% used [0x24800000, 0x24c50000, 0x24c50000)
  from space 512K,  76% used [0x24cd0000, 0x24d31508, 0x24d50000)
  to   space 512K,   0% used [0x24c50000, 0x24c50000, 0x24cd0000)
 tenured generation   total 10944K, used 7977K [0x29d50000, 0x2a800000, 0x34800000)
   the space 10944K,  72% used [0x29d50000, 0x2a51a7b0, 0x2a51a800, 0x2a800000)
 compacting perm gen  total 12288K, used 1655K [0x34800000, 0x35400000, 0x38800000)
   the space 12288K,  13% used [0x34800000, 0x3499dcb0, 0x3499de00, 0x35400000)
    ro space 10240K,  42% used [0x38800000, 0x38c37108, 0x38c37200, 0x39200000)
    rw space 12288K,  52% used [0x39200000, 0x39841738, 0x39841800, 0x39e00000)
Event: 63.293 GC heap after
Heap after GC invocations=136 (full 0):
 def new generation   total 4928K, used 0K [0x24800000, 0x24d50000, 0x29d50000)
  eden space 4416K,   0% used [0x24800000, 0x24800000, 0x24c50000)
  from space 512K,   0% used [0x24c50000, 0x24c50380, 0x24cd0000)
  to   space 512K,   0% used [0x24cd0000, 0x24cd0000, 0x24d50000)
 tenured generation   total 10944K, used 8366K [0x29d50000, 0x2a800000, 0x34800000)
   the space 10944K,  76% used [0x29d50000, 0x2a57b830, 0x2a57ba00, 0x2a800000)
 compacting perm gen  total 12288K, used 1655K [0x34800000, 0x35400000, 0x38800000)
   the space 12288K,  13% used [0x34800000, 0x3499dcb0, 0x3499de00, 0x35400000)
    ro space 10240K,  42% used [0x38800000, 0x38c37108, 0x38c37200, 0x39200000)
    rw space 12288K,  52% used [0x39200000, 0x39841738, 0x39841800, 0x39e00000)
}
Event: 63.744 GC heap before
{Heap before GC invocations=136 (full 0):
 def new generation   total 4928K, used 4416K [0x24800000, 0x24d50000, 0x29d50000)
  eden space 4416K, 100% used [0x24800000, 0x24c50000, 0x24c50000)
  from space 512K,   0% used [0x24c50000, 0x24c50380, 0x24cd0000)
  to   space 512K,   0% used [0x24cd0000, 0x24cd0000, 0x24d50000)
 tenured generation   total 10944K, used 8366K [0x29d50000, 0x2a800000, 0x34800000)
   the space 10944K,  76% used [0x29d50000, 0x2a57b830, 0x2a57ba00, 0x2a800000)
 compacting perm gen  total 12288K, used 1655K [0x34800000, 0x35400000, 0x38800000)
   the space 12288K,  13% used [0x34800000, 0x3499dcb0, 0x3499de00, 0x35400000)
    ro space 10240K,  42% used [0x38800000, 0x38c37108, 0x38c37200, 0x39200000)
    rw space 12288K,  52% used [0x39200000, 0x39841738, 0x39841800, 0x39e00000)
Event: 63.744 GC heap after
Heap after GC invocations=137 (full 0):
 def new generation   total 4928K, used 1K [0x24800000, 0x24d50000, 0x29d50000)
  eden space 4416K,   0% used [0x24800000, 0x24800000, 0x24c50000)
  from space 512K,   0% used [0x24cd0000, 0x24cd0748, 0x24d50000)
  to   space 512K,   0% used [0x24c50000, 0x24c50000, 0x24cd0000)
 tenured generation   total 10944K, used 8366K [0x29d50000, 0x2a800000, 0x34800000)
   the space 10944K,  76% used [0x29d50000, 0x2a57b830, 0x2a57ba00, 0x2a800000)
 compacting perm gen  total 12288K, used 1655K [0x34800000, 0x35400000, 0x38800000)
   the space 12288K,  13% used [0x34800000, 0x3499dcb0, 0x3499de00, 0x35400000)
    ro space 10240K,  42% used [0x38800000, 0x38c37108, 0x38c37200, 0x39200000)
    rw space 12288K,  52% used [0x39200000, 0x39841738, 0x39841800, 0x39e00000)
}
Event: 64.236 GC heap before
{Heap before GC invocations=137 (full 0):
 def new generation   total 4928K, used 4417K [0x24800000, 0x24d50000, 0x29d50000)
  eden space 4416K, 100% used [0x24800000, 0x24c50000, 0x24c50000)
  from space 512K,   0% used [0x24cd0000, 0x24cd0748, 0x24d50000)
  to   space 512K,   0% used [0x24c50000, 0x24c50000, 0x24cd0000)
 tenured generation   total 10944K, used 8366K [0x29d50000, 0x2a800000, 0x34800000)
   the space 10944K,  76% used [0x29d50000, 0x2a57b830, 0x2a57ba00, 0x2a800000)
 compacting perm gen  total 12288K, used 1655K [0x34800000, 0x35400000, 0x38800000)
   the space 12288K,  13% used [0x34800000, 0x3499dcb0, 0x3499de00, 0x35400000)
    ro space 10240K,  42% used [0x38800000, 0x38c37108, 0x38c37200, 0x39200000)
    rw space 12288K,  52% used [0x39200000, 0x39841738, 0x39841800, 0x39e00000)
Event: 64.237 GC heap after
Heap after GC invocations=138 (full 0):
 def new generation   total 4928K, used 2K [0x24800000, 0x24d50000, 0x29d50000)
  eden space 4416K,   0% used [0x24800000, 0x24800000, 0x24c50000)
  from space 512K,   0% used [0x24c50000, 0x24c50850, 0x24cd0000)
  to   space 512K,   0% used [0x24cd0000, 0x24cd0000, 0x24d50000)
 tenured generation   total 10944K, used 8366K [0x29d50000, 0x2a800000, 0x34800000)
   the space 10944K,  76% used [0x29d50000, 0x2a57b830, 0x2a57ba00, 0x2a800000)
 compacting perm gen  total 12288K, used 1655K [0x34800000, 0x35400000, 0x38800000)
   the space 12288K,  13% used [0x34800000, 0x3499dcb0, 0x3499de00, 0x35400000)
    ro space 10240K,  42% used [0x38800000, 0x38c37108, 0x38c37200, 0x39200000)
    rw space 12288K,  52% used [0x39200000, 0x39841738, 0x39841800, 0x39e00000)
}

Deoptimization events (0 events):
No events

Internal exceptions (10 events):
Event: 0.961 Thread 0x0041c800 Threw 0x2482d0d8 at C:\re\jdk7u80\2329\hotspot\src\share\vm\prims\jvm.cpp:1319
Event: 0.961 Thread 0x0041c800 Threw 0x24847798 at C:\re\jdk7u80\2329\hotspot\src\share\vm\prims\jvm.cpp:1319
Event: 0.961 Thread 0x0041c800 Threw 0x2484def0 at C:\re\jdk7u80\2329\hotspot\src\share\vm\prims\jvm.cpp:1319
Event: 0.962 Thread 0x0041c800 Threw 0x248619a0 at C:\re\jdk7u80\2329\hotspot\src\share\vm\prims\jvm.cpp:1319
Event: 0.962 Thread 0x0041c800 Threw 0x24863990 at C:\re\jdk7u80\2329\hotspot\src\share\vm\prims\jvm.cpp:1319
Event: 0.964 Thread 0x0041c800 Threw 0x24875410 at C:\re\jdk7u80\2329\hotspot\src\share\vm\prims\jvm.cpp:1319
Event: 0.965 Thread 0x0041c800 Threw 0x24879328 at C:\re\jdk7u80\2329\hotspot\src\share\vm\prims\jvm.cpp:1319
Event: 0.965 Thread 0x0041c800 Threw 0x24886438 at C:\re\jdk7u80\2329\hotspot\src\share\vm\prims\jvm.cpp:1319
Event: 0.965 Thread 0x0041c800 Threw 0x24889df0 at C:\re\jdk7u80\2329\hotspot\src\share\vm\prims\jvm.cpp:1319
Event: 0.966 Thread 0x0041c800 Threw 0x2488e280 at C:\re\jdk7u80\2329\hotspot\src\share\vm\prims\jvm.cpp:1319

Events (10 events):
Event: 64.286 Thread 0x04a0dc00 Thread added: 0x04a0dc00
Event: 64.287 loading class 0x39e713a8
Event: 64.287 Thread 0x04a0dc00 Thread exited: 0x04a0dc00
Event: 64.287 loading class 0x39e71350
Event: 64.287 loading class 0x39e71350 done
Event: 64.287 loading class 0x39e713a8 done
Event: 64.287 Thread 0x04a0d400 Thread exited: 0x04a0d400
Event: 64.287 Thread 0x04a0a800 Thread exited: 0x04a0a800
Event: 64.287 loading class 0x39f99400
Event: 64.287 loading class 0x39f99400 done


Dynamic libraries:
0x00250000 - 0x0027f000 	C:\Program Files (x86)\Java\jre7\bin\javaw.exe
0x76e80000 - 0x77004000 	C:\WINDOWS\SYSTEM32\ntdll.dll
0x769f0000 - 0x76ac0000 	C:\WINDOWS\System32\KERNEL32.DLL
0x73a50000 - 0x73c03000 	C:\WINDOWS\System32\KERNELBASE.dll
0x740d0000 - 0x74146000 	C:\WINDOWS\System32\ADVAPI32.dll
0x74980000 - 0x74a3d000 	C:\WINDOWS\System32\msvcrt.dll
0x74850000 - 0x74891000 	C:\WINDOWS\System32\sechost.dll
0x74450000 - 0x7450d000 	C:\WINDOWS\System32\RPCRT4.dll
0x73a30000 - 0x73a50000 	C:\WINDOWS\System32\SspiCli.dll
0x73a20000 - 0x73a2a000 	C:\WINDOWS\System32\CRYPTBASE.dll
0x74510000 - 0x74564000 	C:\WINDOWS\System32\bcryptPrimitives.dll
0x746f0000 - 0x74827000 	C:\WINDOWS\System32\USER32.dll
0x76e60000 - 0x76e75000 	C:\WINDOWS\System32\win32u.dll
0x74e40000 - 0x74e61000 	C:\WINDOWS\System32\GDI32.dll
0x76890000 - 0x769e9000 	C:\WINDOWS\System32\gdi32full.dll
0x73360000 - 0x73562000 	C:\WINDOWS\WinSxS\x86_microsoft.windows.common-controls_6595b64144ccf1df_6.0.14986.1000_none_d2aec59ed1b1d161\COMCTL32.dll
0x74a90000 - 0x74ca8000 	C:\WINDOWS\System32\combase.dll
0x76d80000 - 0x76e5d000 	C:\WINDOWS\System32\ucrtbase.dll
0x74fc0000 - 0x74fe5000 	C:\WINDOWS\System32\IMM32.DLL
0x51a60000 - 0x51b1f000 	C:\Program Files (x86)\Java\jre7\bin\msvcr100.dll
0x50730000 - 0x50abb000 	C:\Program Files (x86)\Java\jre7\bin\client\jvm.dll
0x74da0000 - 0x74da6000 	C:\WINDOWS\System32\PSAPI.DLL
0x732c0000 - 0x732c8000 	C:\WINDOWS\SYSTEM32\WSOCK32.dll
0x72e70000 - 0x72e94000 	C:\WINDOWS\SYSTEM32\WINMM.dll
0x74d30000 - 0x74d96000 	C:\WINDOWS\System32\WS2_32.dll
0x72dc0000 - 0x72de3000 	C:\WINDOWS\SYSTEM32\winmmbase.dll
0x76d10000 - 0x76d44000 	C:\WINDOWS\System32\cfgmgr32.dll
0x5dcf0000 - 0x5dcfc000 	C:\Program Files (x86)\Java\jre7\bin\verify.dll
0x51a30000 - 0x51a51000 	C:\Program Files (x86)\Java\jre7\bin\java.dll
0x51a10000 - 0x51a23000 	C:\Program Files (x86)\Java\jre7\bin\zip.dll
0x50710000 - 0x50724000 	C:\Program Files (x86)\Java\jre7\bin\net.dll
0x721a0000 - 0x721ee000 	C:\WINDOWS\system32\mswsock.dll
0x50700000 - 0x5070f000 	C:\Program Files (x86)\Java\jre7\bin\nio.dll
0x505b0000 - 0x506f3000 	C:\Program Files (x86)\Java\jre7\bin\awt.dll
0x74030000 - 0x740c5000 	C:\WINDOWS\System32\OLEAUT32.dll
0x74cb0000 - 0x74d23000 	C:\WINDOWS\System32\msvcp_win.dll
0x6e090000 - 0x6e121000 	C:\WINDOWS\SYSTEM32\apphelp.dll
0x6f050000 - 0x6f06e000 	C:\WINDOWS\system32\DWMAPI.DLL
0x6f4a0000 - 0x6f514000 	C:\WINDOWS\system32\uxtheme.dll
0x74310000 - 0x7444f000 	C:\WINDOWS\System32\MSCTF.dll
0x6d020000 - 0x6d065000 	C:\Program Files\ASUSTeKcomputer.Inc\SS2\UserInterface\SS2OSD.dll
0x6d070000 - 0x6d0a1000 	C:\Program Files\ASUSTeKcomputer.Inc\SS2\UserInterface\SS2DevProps.dll
0x75000000 - 0x76329000 	C:\WINDOWS\System32\SHELL32.dll
0x76330000 - 0x76881000 	C:\WINDOWS\System32\windows.storage.dll
0x74150000 - 0x74195000 	C:\WINDOWS\System32\shlwapi.dll
0x76d00000 - 0x76d0e000 	C:\WINDOWS\System32\kernel.appcore.dll
0x748a0000 - 0x74923000 	C:\WINDOWS\System32\shcore.dll
0x74a40000 - 0x74a85000 	C:\WINDOWS\System32\powrprof.dll
0x74ff0000 - 0x75000000 	C:\WINDOWS\System32\profapi.dll
0x76c10000 - 0x76cfa000 	C:\WINDOWS\System32\ole32.dll
0x74f30000 - 0x74fb2000 	C:\WINDOWS\System32\clbcatq.dll
0x6e3c0000 - 0x6e417000 	C:\WINDOWS\System32\MMDevApi.dll
0x70cd0000 - 0x70cf2000 	C:\WINDOWS\System32\DEVOBJ.dll
0x70b40000 - 0x70c9a000 	C:\WINDOWS\System32\PROPSYS.dll
0x6e240000 - 0x6e2d6000 	C:\WINDOWS\SYSTEM32\AUDIOSES.DLL
0x6e170000 - 0x6e23a000 	C:\WINDOWS\SYSTEM32\wintypes.dll
0x6f070000 - 0x6f1cb000 	C:\WINDOWS\system32\d3d9.dll
0x619e0000 - 0x627b5000 	C:\WINDOWS\System32\DriverStore\FileRepository\nv_dispiwu.inf_amd64_b67dc924fff8de6d\nvd3dum.dll
0x739a0000 - 0x739a8000 	C:\WINDOWS\SYSTEM32\VERSION.dll
0x6d8e0000 - 0x6da44000 	C:\WINDOWS\system32\nvspcap.dll
0x73c10000 - 0x74029000 	C:\WINDOWS\System32\SETUPAPI.dll
0x72320000 - 0x723c5000 	C:\WINDOWS\SYSTEM32\WINHTTP.dll
0x735b0000 - 0x735bf000 	C:\WINDOWS\SYSTEM32\WTSAPI32.dll
0x6d550000 - 0x6d8d7000 	C:\WINDOWS\system32\nvapi.dll
0x6f1d0000 - 0x6f254000 	C:\WINDOWS\SYSTEM32\dxgi.dll
0x61910000 - 0x619d7000 	C:\Program Files (x86)\NVIDIA Corporation\3D Vision\nvSCPAPI.dll
0x70b20000 - 0x70b33000 	C:\WINDOWS\SYSTEM32\CRYPTSP.dll
0x70af0000 - 0x70b1f000 	C:\WINDOWS\system32\rsaenh.dll
0x73240000 - 0x7325a000 	C:\WINDOWS\SYSTEM32\bcrypt.dll
0x732d0000 - 0x732ef000 	C:\WINDOWS\SYSTEM32\USERENV.dll
0x73130000 - 0x7315f000 	C:\WINDOWS\SYSTEM32\IPHLPAPI.DLL
0x74840000 - 0x74847000 	C:\WINDOWS\System32\NSI.dll
0x6fc00000 - 0x6fc13000 	C:\WINDOWS\SYSTEM32\dhcpcsvc6.DLL
0x6fbe0000 - 0x6fbf4000 	C:\WINDOWS\SYSTEM32\dhcpcsvc.DLL
0x50570000 - 0x505a9000 	C:\Program Files (x86)\Java\jre7\bin\fontmanager.dll
0x6d360000 - 0x6d3c4000 	C:\WINDOWS\SYSTEM32\textinputframework.dll
0x6d2d0000 - 0x6d35f000 	C:\WINDOWS\System32\CoreMessaging.dll
0x6d0b0000 - 0x6d2c3000 	C:\WINDOWS\System32\CoreUIComponents.dll
0x72110000 - 0x72138000 	C:\WINDOWS\SYSTEM32\ntmarta.dll
0x6dd00000 - 0x6de57000 	C:\WINDOWS\SYSTEM32\dbghelp.dll

VM Arguments:
jvm_args: -Dfile.encoding=Cp1252 
java_command: ch.idsia.scenarios.mariio
Launcher Type: SUN_STANDARD

Environment Variables:
PATH=C:/Program Files/Java/jre1.8.0_121/bin/server;C:/Program Files/Java/jre1.8.0_121/bin;C:/Program Files/Java/jre1.8.0_121/lib/amd64;C:\ProgramData\Oracle\Java\javapath;C:\Program Files\Haskell\bin;C:\Program Files\Haskell Platform\8.0.1\lib\extralibs\bin;C:\Program Files\Haskell Platform\8.0.1\bin;C:\Windows\system32;C:\Windows;C:\Windows\System32\Wbem;C:\Windows\System32\WindowsPowerShell\v1.0\;C:\Program Files (x86)\NVIDIA Corporation\PhysX\Common;C:\Program Files\Haskell Platform\8.0.1\mingw\bin;C:\Program Files (x86)\Brackets\command;C:\Program Files (x86)\GtkSharp\2.12\bin;C:\WINDOWS\system32;C:\WINDOWS;C:\WINDOWS\System32\Wbem;C:\WINDOWS\System32\WindowsPowerShell\v1.0\;C:\Program Files (x86)\Windows Live\Shared;C:\Program Files (x86)\Windows Kits\8.1\Windows Performance Toolkit\;C:\Program Files (x86)\Skype\Phone\;C:\Program Files\Microsoft SQL Server\110\Tools\Binn\;C:\Program Files (x86)\Microsoft SDKs\TypeScript\1.0\;C:\Program Files\Microsoft SQL Server\120\Tools\Binn\;C:\Program Files\Java\jre1.8.0_111\bin;C:\Users\dkfan\AppData\Roaming\cabal\bin;C:\Users\dkfan\AppData\Roaming\local\bin;C:\Users\dkfan\AppData\Local\Microsoft\WindowsApps;C:\Program Files (x86)\Dr. Memory\bin\;C:\Devel\eclipse;
USERNAME=dkfan
OS=Windows_NT
PROCESSOR_IDENTIFIER=Intel64 Family 6 Model 94 Stepping 3, GenuineIntel



---------------  S Y S T E M  ---------------

OS: Windows 8.1 , 64 bit Build 9600 

CPU:total 8 (4 cores per cpu, 2 threads per core) family 6 model 94 stepping 3, cmov, cx8, fxsr, mmx, sse, sse2, sse3, ssse3, sse4.1, sse4.2, popcnt, avx, avx2, aes, erms, ht, tsc, tscinvbit

Memory: 4k page, physical 16694876k(10977864k free), swap 19185244k(12639860k free)

vm_info: Java HotSpot(TM) Client VM (24.80-b11) for windows-x86 JRE (1.7.0_80-b15), built on Apr 10 2015 13:33:35 by "java_re" with unknown MS VC++:1600

time: Tue Feb 14 22:46:25 2017
elapsed time: 64 seconds

