#
# A fatal error has been detected by the Java Runtime Environment:
#
#  EXCEPTION_ACCESS_VIOLATION (0xc0000005) at pc=0x00000000, pid=544, tid=8360
#
# JRE version: Java(TM) SE Runtime Environment (7.0_80-b15) (build 1.7.0_80-b15)
# Java VM: Java HotSpot(TM) Client VM (24.80-b11 mixed mode, sharing windows-x86 )
# Problematic frame:
# C  0x00000000
#
# Failed to write core dump. Minidumps are not enabled by default on client versions of Windows
#
# If you would like to submit a bug report, please visit:
#   http://bugreport.java.com/bugreport/crash.jsp
# The crash happened outside the Java Virtual Machine in native code.
# See problematic frame for where to report the bug.
#

---------------  T H R E A D  ---------------

Current thread (0x04d6ec00):  JavaThread "AWT-Windows" daemon [_thread_in_native, id=8360, stack(0x051e0000,0x05230000)]

siginfo: ExceptionCode=0xc0000005, ExceptionInformation=0x00000008 0x00000000

Registers:
EAX=0x0b542760, EBX=0x055a7b48, ECX=0x00000000, EDX=0x0b734878
ESP=0x0522f83c, EBP=0x0522f85c, ESI=0x0b734878, EDI=0x00000000
EIP=0x00000000, EFLAGS=0x00010206

Top of Stack: (sp=0x0522f83c)
0x0522f83c:   6f26ba50 00000000 0b542760 0b521880
0x0522f84c:   0a944b60 00000000 05e52fc0 3f032cba
0x0522f85c:   0522f888 6f2681a9 0522f874 0a944b68
0x0522f86c:   6f286ed0 00000000 055a7b48 0b734878
0x0522f87c:   6f2678b0 6f26b9f0 3f032c6e 0522f8a0
0x0522f88c:   6f2740c5 00000001 0b659178 0b659174
0x0522f89c:   3f032c46 0522f8bc 6f327a9e 0b04aab4
0x0522f8ac:   0ad60b94 6f25aae0 0ad60b94 0b65fd44 

Instructions: (pc=0x00000000)
0xffffffe0:   


Register to memory mapping:

EAX=0x0b542760 is an unknown value
EBX=0x055a7b48 is an unknown value
ECX=0x00000000 is an unknown value
EDX=0x0b734878 is an unknown value
ESP=0x0522f83c is pointing into the stack for thread: 0x04d6ec00
EBP=0x0522f85c is pointing into the stack for thread: 0x04d6ec00
ESI=0x0b734878 is an unknown value
EDI=0x00000000 is an unknown value


Stack: [0x051e0000,0x05230000],  sp=0x0522f83c,  free space=318k
Java frames: (J=compiled Java code, j=interpreted, Vv=VM code)
j  sun.awt.windows.WToolkit.eventLoop()V+0
j  sun.awt.windows.WToolkit.run()V+61
j  java.lang.Thread.run()V+11
v  ~StubRoutines::call_stub

---------------  P R O C E S S  ---------------

Java Threads: ( => current thread )
  0x04daa000 JavaThread "Thread-0" daemon [_thread_in_native, id=3160, stack(0x0cd60000,0x0cdb0000)]
  0x04ed7400 JavaThread "AWT-EventQueue-0" [_thread_blocked, id=12340, stack(0x0a540000,0x0a590000)]
=>0x04d6ec00 JavaThread "AWT-Windows" daemon [_thread_in_native, id=8360, stack(0x051e0000,0x05230000)]
  0x04d6e400 JavaThread "AWT-Shutdown" [_thread_blocked, id=10844, stack(0x05150000,0x051a0000)]
  0x04d69000 JavaThread "Java2D Disposer" daemon [_thread_blocked, id=5156, stack(0x05080000,0x050d0000)]
  0x0263e800 JavaThread "Service Thread" daemon [_thread_blocked, id=10756, stack(0x04c10000,0x04c60000)]
  0x02633800 JavaThread "C1 CompilerThread0" daemon [_thread_blocked, id=11056, stack(0x04b80000,0x04bd0000)]
  0x02630c00 JavaThread "Attach Listener" daemon [_thread_blocked, id=1312, stack(0x04af0000,0x04b40000)]
  0x0262ec00 JavaThread "Signal Dispatcher" daemon [_thread_blocked, id=3712, stack(0x04a60000,0x04ab0000)]
  0x025c1400 JavaThread "Finalizer" daemon [_thread_blocked, id=15848, stack(0x049d0000,0x04a20000)]
  0x025bfc00 JavaThread "Reference Handler" daemon [_thread_blocked, id=3728, stack(0x04940000,0x04990000)]
  0x0257c800 JavaThread "main" [_thread_in_native, id=8240, stack(0x024e0000,0x02530000)]

Other Threads:
  0x025be400 VMThread [stack: 0x048b0000,0x04900000] [id=2176]
  0x02659000 WatcherThread [stack: 0x04ca0000,0x04cf0000] [id=6768]

VM state:not at safepoint (normal execution)

VM Mutex/Monitor currently owned by a thread: None

Heap
 def new generation   total 4928K, used 2212K [0x24800000, 0x24d50000, 0x29d50000)
  eden space 4416K,  49% used [0x24800000, 0x24a26460, 0x24c50000)
  from space 512K,   2% used [0x24cd0000, 0x24cd2d18, 0x24d50000)
  to   space 512K,   0% used [0x24c50000, 0x24c50000, 0x24cd0000)
 tenured generation   total 10944K, used 6346K [0x29d50000, 0x2a800000, 0x34800000)
   the space 10944K,  57% used [0x29d50000, 0x2a382890, 0x2a382a00, 0x2a800000)
 compacting perm gen  total 12288K, used 1667K [0x34800000, 0x35400000, 0x38800000)
   the space 12288K,  13% used [0x34800000, 0x349a0fc8, 0x349a1000, 0x35400000)
    ro space 10240K,  42% used [0x38800000, 0x38c37108, 0x38c37200, 0x39200000)
    rw space 12288K,  52% used [0x39200000, 0x39841738, 0x39841800, 0x39e00000)

Card table byte_map: [0x04720000,0x047d0000] byte_map_base: 0x045fc000

Polling page: 0x00bd0000

Code Cache  [0x026a0000, 0x02840000, 0x046a0000)
 total_blobs=851 nmethods=627 adapters=161 free_code_cache=31136Kb largest_free_block=31883008

Compilation events (10 events):
Event: 32.668 Thread 0x02633800  629             sun.java2d.pipe.Region::isRectangular (13 bytes)
Event: 32.668 Thread 0x02633800 nmethod 629 0x02837848 code [0x02837940, 0x028379d0]
Event: 32.668 Thread 0x02633800  630             sun.java2d.pipe.Region::getLoX (5 bytes)
Event: 32.668 Thread 0x02633800 nmethod 630 0x02837a08 code [0x02837b00, 0x02837b80]
Event: 32.668 Thread 0x02633800  631             sun.java2d.pipe.Region::getLoY (5 bytes)
Event: 32.668 Thread 0x02633800 nmethod 631 0x02837bc8 code [0x02837cc0, 0x02837d40]
Event: 32.668 Thread 0x02633800  632             sun.java2d.pipe.Region::getHiX (5 bytes)
Event: 32.668 Thread 0x02633800 nmethod 632 0x02837d88 code [0x02837e80, 0x02837f00]
Event: 32.668 Thread 0x02633800  633             sun.java2d.pipe.Region::getHiY (5 bytes)
Event: 32.668 Thread 0x02633800 nmethod 633 0x02837f48 code [0x02838040, 0x028380c0]

GC Heap History (10 events):
Event: 0.917 GC heap before
{Heap before GC invocations=0 (full 0):
 def new generation   total 4928K, used 4416K [0x24800000, 0x24d50000, 0x29d50000)
  eden space 4416K, 100% used [0x24800000, 0x24c50000, 0x24c50000)
  from space 512K,   0% used [0x24c50000, 0x24c50000, 0x24cd0000)
  to   space 512K,   0% used [0x24cd0000, 0x24cd0000, 0x24d50000)
 tenured generation   total 10944K, used 0K [0x29d50000, 0x2a800000, 0x34800000)
   the space 10944K,   0% used [0x29d50000, 0x29d50000, 0x29d50200, 0x2a800000)
 compacting perm gen  total 12288K, used 1192K [0x34800000, 0x35400000, 0x38800000)
   the space 12288K,   9% used [0x34800000, 0x3492a180, 0x3492a200, 0x35400000)
    ro space 10240K,  42% used [0x38800000, 0x38c37108, 0x38c37200, 0x39200000)
    rw space 12288K,  52% used [0x39200000, 0x39841738, 0x39841800, 0x39e00000)
Event: 0.920 GC heap after
Heap after GC invocations=1 (full 0):
 def new generation   total 4928K, used 512K [0x24800000, 0x24d50000, 0x29d50000)
  eden space 4416K,   0% used [0x24800000, 0x24800000, 0x24c50000)
  from space 512K, 100% used [0x24cd0000, 0x24d50000, 0x24d50000)
  to   space 512K,   0% used [0x24c50000, 0x24c50000, 0x24cd0000)
 tenured generation   total 10944K, used 1812K [0x29d50000, 0x2a800000, 0x34800000)
   the space 10944K,  16% used [0x29d50000, 0x29f15180, 0x29f15200, 0x2a800000)
 compacting perm gen  total 12288K, used 1192K [0x34800000, 0x35400000, 0x38800000)
   the space 12288K,   9% used [0x34800000, 0x3492a180, 0x3492a200, 0x35400000)
    ro space 10240K,  42% used [0x38800000, 0x38c37108, 0x38c37200, 0x39200000)
    rw space 12288K,  52% used [0x39200000, 0x39841738, 0x39841800, 0x39e00000)
}
Event: 0.943 GC heap before
{Heap before GC invocations=1 (full 0):
 def new generation   total 4928K, used 4928K [0x24800000, 0x24d50000, 0x29d50000)
  eden space 4416K, 100% used [0x24800000, 0x24c50000, 0x24c50000)
  from space 512K, 100% used [0x24cd0000, 0x24d50000, 0x24d50000)
  to   space 512K,   0% used [0x24c50000, 0x24c50000, 0x24cd0000)
 tenured generation   total 10944K, used 1812K [0x29d50000, 0x2a800000, 0x34800000)
   the space 10944K,  16% used [0x29d50000, 0x29f15180, 0x29f15200, 0x2a800000)
 compacting perm gen  total 12288K, used 1192K [0x34800000, 0x35400000, 0x38800000)
   the space 12288K,   9% used [0x34800000, 0x3492a1a0, 0x3492a200, 0x35400000)
    ro space 10240K,  42% used [0x38800000, 0x38c37108, 0x38c37200, 0x39200000)
    rw space 12288K,  52% used [0x39200000, 0x39841738, 0x39841800, 0x39e00000)
Event: 0.945 GC heap after
Heap after GC invocations=2 (full 0):
 def new generation   total 4928K, used 512K [0x24800000, 0x24d50000, 0x29d50000)
  eden space 4416K,   0% used [0x24800000, 0x24800000, 0x24c50000)
  from space 512K, 100% used [0x24c50000, 0x24cd0000, 0x24cd0000)
  to   space 512K,   0% used [0x24cd0000, 0x24cd0000, 0x24d50000)
 tenured generation   total 10944K, used 3107K [0x29d50000, 0x2a800000, 0x34800000)
   the space 10944K,  28% used [0x29d50000, 0x2a058e10, 0x2a059000, 0x2a800000)
 compacting perm gen  total 12288K, used 1192K [0x34800000, 0x35400000, 0x38800000)
   the space 12288K,   9% used [0x34800000, 0x3492a1a0, 0x3492a200, 0x35400000)
    ro space 10240K,  42% used [0x38800000, 0x38c37108, 0x38c37200, 0x39200000)
    rw space 12288K,  52% used [0x39200000, 0x39841738, 0x39841800, 0x39e00000)
}
Event: 0.983 GC heap before
{Heap before GC invocations=2 (full 0):
 def new generation   total 4928K, used 4928K [0x24800000, 0x24d50000, 0x29d50000)
  eden space 4416K, 100% used [0x24800000, 0x24c50000, 0x24c50000)
  from space 512K, 100% used [0x24c50000, 0x24cd0000, 0x24cd0000)
  to   space 512K,   0% used [0x24cd0000, 0x24cd0000, 0x24d50000)
 tenured generation   total 10944K, used 3107K [0x29d50000, 0x2a800000, 0x34800000)
   the space 10944K,  28% used [0x29d50000, 0x2a058e10, 0x2a059000, 0x2a800000)
 compacting perm gen  total 12288K, used 1370K [0x34800000, 0x35400000, 0x38800000)
   the space 12288K,  11% used [0x34800000, 0x34956ae0, 0x34956c00, 0x35400000)
    ro space 10240K,  42% used [0x38800000, 0x38c37108, 0x38c37200, 0x39200000)
    rw space 12288K,  52% used [0x39200000, 0x39841738, 0x39841800, 0x39e00000)
Event: 0.986 GC heap after
Heap after GC invocations=3 (full 0):
 def new generation   total 4928K, used 512K [0x24800000, 0x24d50000, 0x29d50000)
  eden space 4416K,   0% used [0x24800000, 0x24800000, 0x24c50000)
  from space 512K, 100% used [0x24cd0000, 0x24d50000, 0x24d50000)
  to   space 512K,   0% used [0x24c50000, 0x24c50000, 0x24cd0000)
 tenured generation   total 10944K, used 4551K [0x29d50000, 0x2a800000, 0x34800000)
   the space 10944K,  41% used [0x29d50000, 0x2a1c1db8, 0x2a1c1e00, 0x2a800000)
 compacting perm gen  total 12288K, used 1370K [0x34800000, 0x35400000, 0x38800000)
   the space 12288K,  11% used [0x34800000, 0x34956ae0, 0x34956c00, 0x35400000)
    ro space 10240K,  42% used [0x38800000, 0x38c37108, 0x38c37200, 0x39200000)
    rw space 12288K,  52% used [0x39200000, 0x39841738, 0x39841800, 0x39e00000)
}
Event: 12.498 GC heap before
{Heap before GC invocations=3 (full 0):
 def new generation   total 4928K, used 4928K [0x24800000, 0x24d50000, 0x29d50000)
  eden space 4416K, 100% used [0x24800000, 0x24c50000, 0x24c50000)
  from space 512K, 100% used [0x24cd0000, 0x24d50000, 0x24d50000)
  to   space 512K,   0% used [0x24c50000, 0x24c50000, 0x24cd0000)
 tenured generation   total 10944K, used 4551K [0x29d50000, 0x2a800000, 0x34800000)
   the space 10944K,  41% used [0x29d50000, 0x2a1c1db8, 0x2a1c1e00, 0x2a800000)
 compacting perm gen  total 12288K, used 1649K [0x34800000, 0x35400000, 0x38800000)
   the space 12288K,  13% used [0x34800000, 0x3499c7f0, 0x3499c800, 0x35400000)
    ro space 10240K,  42% used [0x38800000, 0x38c37108, 0x38c37200, 0x39200000)
    rw space 12288K,  52% used [0x39200000, 0x39841738, 0x39841800, 0x39e00000)
Event: 12.502 GC heap after
Heap after GC invocations=4 (full 0):
 def new generation   total 4928K, used 512K [0x24800000, 0x24d50000, 0x29d50000)
  eden space 4416K,   0% used [0x24800000, 0x24800000, 0x24c50000)
  from space 512K, 100% used [0x24c50000, 0x24cd0000, 0x24cd0000)
  to   space 512K,   0% used [0x24cd0000, 0x24cd0000, 0x24d50000)
 tenured generation   total 10944K, used 5837K [0x29d50000, 0x2a800000, 0x34800000)
   the space 10944K,  53% used [0x29d50000, 0x2a303488, 0x2a303600, 0x2a800000)
 compacting perm gen  total 12288K, used 1649K [0x34800000, 0x35400000, 0x38800000)
   the space 12288K,  13% used [0x34800000, 0x3499c7f0, 0x3499c800, 0x35400000)
    ro space 10240K,  42% used [0x38800000, 0x38c37108, 0x38c37200, 0x39200000)
    rw space 12288K,  52% used [0x39200000, 0x39841738, 0x39841800, 0x39e00000)
}
Event: 28.308 GC heap before
{Heap before GC invocations=4 (full 0):
 def new generation   total 4928K, used 4928K [0x24800000, 0x24d50000, 0x29d50000)
  eden space 4416K, 100% used [0x24800000, 0x24c50000, 0x24c50000)
  from space 512K, 100% used [0x24c50000, 0x24cd0000, 0x24cd0000)
  to   space 512K,   0% used [0x24cd0000, 0x24cd0000, 0x24d50000)
 tenured generation   total 10944K, used 5837K [0x29d50000, 0x2a800000, 0x34800000)
   the space 10944K,  53% used [0x29d50000, 0x2a303488, 0x2a303600, 0x2a800000)
 compacting perm gen  total 12288K, used 1651K [0x34800000, 0x35400000, 0x38800000)
   the space 12288K,  13% used [0x34800000, 0x3499cd58, 0x3499ce00, 0x35400000)
    ro space 10240K,  42% used [0x38800000, 0x38c37108, 0x38c37200, 0x39200000)
    rw space 12288K,  52% used [0x39200000, 0x39841738, 0x39841800, 0x39e00000)
Event: 28.310 GC heap after
Heap after GC invocations=5 (full 0):
 def new generation   total 4928K, used 11K [0x24800000, 0x24d50000, 0x29d50000)
  eden space 4416K,   0% used [0x24800000, 0x24800000, 0x24c50000)
  from space 512K,   2% used [0x24cd0000, 0x24cd2d18, 0x24d50000)
  to   space 512K,   0% used [0x24c50000, 0x24c50000, 0x24cd0000)
 tenured generation   total 10944K, used 6346K [0x29d50000, 0x2a800000, 0x34800000)
   the space 10944K,  57% used [0x29d50000, 0x2a382890, 0x2a382a00, 0x2a800000)
 compacting perm gen  total 12288K, used 1651K [0x34800000, 0x35400000, 0x38800000)
   the space 12288K,  13% used [0x34800000, 0x3499cd58, 0x3499ce00, 0x35400000)
    ro space 10240K,  42% used [0x38800000, 0x38c37108, 0x38c37200, 0x39200000)
    rw space 12288K,  52% used [0x39200000, 0x39841738, 0x39841800, 0x39e00000)
}

Deoptimization events (0 events):
No events

Internal exceptions (10 events):
Event: 1.010 Thread 0x0257c800 Threw 0x24847820 at C:\re\jdk7u80\2329\hotspot\src\share\vm\prims\jvm.cpp:1319
Event: 1.010 Thread 0x0257c800 Threw 0x2485b2b0 at C:\re\jdk7u80\2329\hotspot\src\share\vm\prims\jvm.cpp:1319
Event: 1.011 Thread 0x0257c800 Threw 0x2485d2a0 at C:\re\jdk7u80\2329\hotspot\src\share\vm\prims\jvm.cpp:1319
Event: 1.013 Thread 0x0257c800 Threw 0x2486ec28 at C:\re\jdk7u80\2329\hotspot\src\share\vm\prims\jvm.cpp:1319
Event: 1.014 Thread 0x0257c800 Threw 0x24872b40 at C:\re\jdk7u80\2329\hotspot\src\share\vm\prims\jvm.cpp:1319
Event: 1.014 Thread 0x0257c800 Threw 0x2487fe98 at C:\re\jdk7u80\2329\hotspot\src\share\vm\prims\jvm.cpp:1319
Event: 1.014 Thread 0x0257c800 Threw 0x24883670 at C:\re\jdk7u80\2329\hotspot\src\share\vm\prims\jvm.cpp:1319
Event: 1.015 Thread 0x0257c800 Threw 0x24887920 at C:\re\jdk7u80\2329\hotspot\src\share\vm\prims\jvm.cpp:1319
Event: 1.055 Thread 0x0257c800 Threw 0x24a2cd30 at C:\re\jdk7u80\2329\hotspot\src\share\vm\prims\jvm.cpp:1319
Event: 1.056 Thread 0x0257c800 Threw 0x24a2f168 at C:\re\jdk7u80\2329\hotspot\src\share\vm\prims\jvm.cpp:1319

Events (10 events):
Event: 32.826 Thread 0x04daa000 Thread added: 0x04daa000
Event: 32.826 Thread 0x04dc9400 Thread exited: 0x04dc9400
Event: 32.827 loading class 0x39e713a8
Event: 32.827 Thread 0x04ee9c00 Thread exited: 0x04ee9c00
Event: 32.827 loading class 0x39e71350
Event: 32.827 loading class 0x39e71350 done
Event: 32.827 loading class 0x39e713a8 done
Event: 32.827 Thread 0x04dc9800 Thread exited: 0x04dc9800
Event: 32.827 loading class 0x39f99400
Event: 32.827 loading class 0x39f99400 done


Dynamic libraries:
0x00080000 - 0x000af000 	C:\Program Files (x86)\Java\jre7\bin\javaw.exe
0x77120000 - 0x772a4000 	C:\WINDOWS\SYSTEM32\ntdll.dll
0x76eb0000 - 0x76f80000 	C:\WINDOWS\System32\KERNEL32.DLL
0x76a60000 - 0x76c13000 	C:\WINDOWS\System32\KERNELBASE.dll
0x74c40000 - 0x74cb6000 	C:\WINDOWS\System32\ADVAPI32.dll
0x74540000 - 0x745fd000 	C:\WINDOWS\System32\msvcrt.dll
0x76340000 - 0x76381000 	C:\WINDOWS\System32\sechost.dll
0x76250000 - 0x7630d000 	C:\WINDOWS\System32\RPCRT4.dll
0x73cd0000 - 0x73cf0000 	C:\WINDOWS\System32\SspiCli.dll
0x73cc0000 - 0x73cca000 	C:\WINDOWS\System32\CRYPTBASE.dll
0x76540000 - 0x76594000 	C:\WINDOWS\System32\bcryptPrimitives.dll
0x76fe0000 - 0x77117000 	C:\WINDOWS\System32\USER32.dll
0x76230000 - 0x76245000 	C:\WINDOWS\System32\win32u.dll
0x76310000 - 0x76331000 	C:\WINDOWS\System32\GDI32.dll
0x767c0000 - 0x76919000 	C:\WINDOWS\System32\gdi32full.dll
0x73a30000 - 0x73c32000 	C:\WINDOWS\WinSxS\x86_microsoft.windows.common-controls_6595b64144ccf1df_6.0.14986.1000_none_d2aec59ed1b1d161\COMCTL32.dll
0x74320000 - 0x74538000 	C:\WINDOWS\System32\combase.dll
0x76050000 - 0x7612d000 	C:\WINDOWS\System32\ucrtbase.dll
0x76510000 - 0x76535000 	C:\WINDOWS\System32\IMM32.DLL
0x78870000 - 0x7892f000 	C:\Program Files (x86)\Java\jre7\bin\msvcr100.dll
0x6df90000 - 0x6e31b000 	C:\Program Files (x86)\Java\jre7\bin\client\jvm.dll
0x76490000 - 0x76496000 	C:\WINDOWS\System32\PSAPI.DLL
0x73a00000 - 0x73a08000 	C:\WINDOWS\SYSTEM32\WSOCK32.dll
0x73040000 - 0x73064000 	C:\WINDOWS\SYSTEM32\WINMM.dll
0x742a0000 - 0x74306000 	C:\WINDOWS\System32\WS2_32.dll
0x72f90000 - 0x72fb3000 	C:\WINDOWS\SYSTEM32\WINMMBASE.dll
0x76690000 - 0x766c4000 	C:\WINDOWS\System32\cfgmgr32.dll
0x6dde0000 - 0x6ddec000 	C:\Program Files (x86)\Java\jre7\bin\verify.dll
0x6cf20000 - 0x6cf41000 	C:\Program Files (x86)\Java\jre7\bin\java.dll
0x6dd90000 - 0x6dda3000 	C:\Program Files (x86)\Java\jre7\bin\zip.dll
0x04cf0000 - 0x04d04000 	C:\Program Files (x86)\Java\jre7\bin\net.dll
0x72340000 - 0x7238e000 	C:\WINDOWS\system32\mswsock.dll
0x6db60000 - 0x6db6f000 	C:\Program Files (x86)\Java\jre7\bin\nio.dll
0x6c6e0000 - 0x6c823000 	C:\Program Files (x86)\Java\jre7\bin\awt.dll
0x76130000 - 0x761c5000 	C:\WINDOWS\System32\OLEAUT32.dll
0x74a40000 - 0x74ab3000 	C:\WINDOWS\System32\msvcp_win.dll
0x65820000 - 0x658b1000 	C:\WINDOWS\SYSTEM32\apphelp.dll
0x6f1f0000 - 0x6f20e000 	C:\WINDOWS\system32\DWMAPI.DLL
0x6f650000 - 0x6f6c4000 	C:\WINDOWS\system32\uxtheme.dll
0x76920000 - 0x76a5f000 	C:\WINDOWS\System32\MSCTF.dll
0x65300000 - 0x65345000 	C:\Program Files\ASUSTeKcomputer.Inc\SS2\UserInterface\SS2OSD.dll
0x65350000 - 0x65381000 	C:\Program Files\ASUSTeKcomputer.Inc\SS2\UserInterface\SS2DevProps.dll
0x74cd0000 - 0x75ff9000 	C:\WINDOWS\System32\SHELL32.dll
0x73d40000 - 0x74291000 	C:\WINDOWS\System32\windows.storage.dll
0x76f80000 - 0x76fc5000 	C:\WINDOWS\System32\shlwapi.dll
0x74cc0000 - 0x74cce000 	C:\WINDOWS\System32\kernel.appcore.dll
0x763f0000 - 0x76473000 	C:\WINDOWS\System32\shcore.dll
0x73cf0000 - 0x73d35000 	C:\WINDOWS\System32\powrprof.dll
0x76fd0000 - 0x76fe0000 	C:\WINDOWS\System32\profapi.dll
0x765a0000 - 0x7668a000 	C:\WINDOWS\System32\ole32.dll
0x6ea20000 - 0x6ea61000 	C:\Program Files (x86)\TeamViewer\tv_w32.dll
0x73c40000 - 0x73c48000 	C:\WINDOWS\SYSTEM32\VERSION.dll
0x76c20000 - 0x76ca2000 	C:\WINDOWS\System32\clbcatq.dll
0x6e560000 - 0x6e5b7000 	C:\WINDOWS\System32\MMDevApi.dll
0x6fdd0000 - 0x6fdf2000 	C:\WINDOWS\System32\DEVOBJ.dll
0x70cf0000 - 0x70e4a000 	C:\WINDOWS\System32\PROPSYS.dll
0x6d3a0000 - 0x6d436000 	C:\WINDOWS\SYSTEM32\AUDIOSES.DLL
0x6d2d0000 - 0x6d39a000 	C:\WINDOWS\SYSTEM32\wintypes.dll
0x6f210000 - 0x6f36b000 	C:\WINDOWS\system32\d3d9.dll
0x5dd80000 - 0x5eb55000 	C:\WINDOWS\System32\DriverStore\FileRepository\nv_dispiwu.inf_amd64_b67dc924fff8de6d\nvd3dum.dll
0x6d440000 - 0x6d5a4000 	C:\WINDOWS\system32\nvspcap.dll
0x74600000 - 0x74a19000 	C:\WINDOWS\System32\SETUPAPI.dll
0x724c0000 - 0x72565000 	C:\WINDOWS\SYSTEM32\WINHTTP.dll
0x73a20000 - 0x73a2f000 	C:\WINDOWS\SYSTEM32\WTSAPI32.dll
0x05950000 - 0x05cd7000 	C:\WINDOWS\system32\nvapi.dll
0x6f370000 - 0x6f3f4000 	C:\WINDOWS\SYSTEM32\dxgi.dll
0x5dcb0000 - 0x5dd77000 	C:\Program Files (x86)\NVIDIA Corporation\3D Vision\nvSCPAPI.dll
0x70cd0000 - 0x70ce3000 	C:\WINDOWS\SYSTEM32\CRYPTSP.dll
0x70ca0000 - 0x70ccf000 	C:\WINDOWS\system32\rsaenh.dll
0x737c0000 - 0x737da000 	C:\WINDOWS\SYSTEM32\bcrypt.dll
0x73950000 - 0x7396f000 	C:\WINDOWS\SYSTEM32\USERENV.dll
0x738b0000 - 0x738df000 	C:\WINDOWS\SYSTEM32\IPHLPAPI.DLL
0x76480000 - 0x76487000 	C:\WINDOWS\System32\NSI.dll
0x70130000 - 0x70143000 	C:\WINDOWS\SYSTEM32\dhcpcsvc6.DLL
0x70110000 - 0x70124000 	C:\WINDOWS\SYSTEM32\dhcpcsvc.DLL
0x6c4c0000 - 0x6c4f9000 	C:\Program Files (x86)\Java\jre7\bin\fontmanager.dll
0x6dcc0000 - 0x6dd24000 	C:\WINDOWS\SYSTEM32\textinputframework.dll
0x6dc30000 - 0x6dcbf000 	C:\WINDOWS\System32\CoreMessaging.dll
0x0e5e0000 - 0x0e7f3000 	C:\WINDOWS\System32\CoreUIComponents.dll
0x6fe30000 - 0x6fe58000 	C:\WINDOWS\SYSTEM32\ntmarta.dll
0x0c980000 - 0x0cad7000 	C:\WINDOWS\SYSTEM32\dbghelp.dll

VM Arguments:
jvm_args: -Dfile.encoding=Cp1252 
java_command: ch.idsia.scenarios.mariio
Launcher Type: SUN_STANDARD

Environment Variables:
PATH=C:/Program Files/Java/jre1.8.0_121/bin/server;C:/Program Files/Java/jre1.8.0_121/bin;C:/Program Files/Java/jre1.8.0_121/lib/amd64;C:\ProgramData\Oracle\Java\javapath;C:\Program Files\Haskell\bin;C:\Program Files\Haskell Platform\8.0.1\lib\extralibs\bin;C:\Program Files\Haskell Platform\8.0.1\bin;C:\Windows\system32;C:\Windows;C:\Windows\System32\Wbem;C:\Windows\System32\WindowsPowerShell\v1.0\;C:\Program Files (x86)\NVIDIA Corporation\PhysX\Common;C:\Program Files\Haskell Platform\8.0.1\mingw\bin;C:\Program Files (x86)\Brackets\command;C:\Program Files (x86)\GtkSharp\2.12\bin;C:\WINDOWS\system32;C:\WINDOWS;C:\WINDOWS\System32\Wbem;C:\WINDOWS\System32\WindowsPowerShell\v1.0\;C:\Program Files (x86)\Windows Live\Shared;C:\Program Files (x86)\Windows Kits\8.1\Windows Performance Toolkit\;C:\Program Files (x86)\Skype\Phone\;C:\Program Files\Microsoft SQL Server\110\Tools\Binn\;C:\Program Files (x86)\Microsoft SDKs\TypeScript\1.0\;C:\Program Files\Microsoft SQL Server\120\Tools\Binn\;C:\Program Files\Java\jre1.8.0_111\bin;C:\Users\dkfan\AppData\Roaming\cabal\bin;C:\Users\dkfan\AppData\Roaming\local\bin;C:\Users\dkfan\AppData\Local\Microsoft\WindowsApps;;C:\Devel\eclipse;
USERNAME=dkfan
OS=Windows_NT
PROCESSOR_IDENTIFIER=Intel64 Family 6 Model 94 Stepping 3, GenuineIntel



---------------  S Y S T E M  ---------------

OS: Windows 8.1 , 64 bit Build 9600 

CPU:total 8 (4 cores per cpu, 2 threads per core) family 6 model 94 stepping 3, cmov, cx8, fxsr, mmx, sse, sse2, sse3, ssse3, sse4.1, sse4.2, popcnt, avx, avx2, aes, erms, ht, tsc, tscinvbit

Memory: 4k page, physical 16694876k(9163768k free), swap 19185244k(8712632k free)

vm_info: Java HotSpot(TM) Client VM (24.80-b11) for windows-x86 JRE (1.7.0_80-b15), built on Apr 10 2015 13:33:35 by "java_re" with unknown MS VC++:1600

time: Sun Feb 05 14:36:40 2017
elapsed time: 32 seconds

